<?xml version="1.0" encoding="UTF-8"?>
<testng-results ignored="0" total="1" passed="1" failed="0" skipped="0">
  <reporter-output>
    <line>
      <![CDATA[hiii]]>
    </line>
  </reporter-output>
  <suite started-at="2022-05-31T05:56:29Z" name="Default suite" finished-at="2022-05-31T05:56:30Z" duration-ms="681">
    <groups>
    </groups>
    <test started-at="2022-05-31T05:56:29Z" name="Default test" finished-at="2022-05-31T05:56:30Z" duration-ms="681">
      <class name="com.testng.practiceTest.TestNgPractice1Test">
        <test-method signature="practice1Test()[pri:0, instance:com.testng.practiceTest.TestNgPractice1Test@719d35e8]" started-at="2022-05-31T05:56:29Z" name="practice1Test" finished-at="2022-05-31T05:56:29Z" duration-ms="199" status="PASS">
          <reporter-output>
            <line>
              <![CDATA[hiii]]>
            </line>
          </reporter-output>
        </test-method> <!-- practice1Test -->
      </class> <!-- com.testng.practiceTest.TestNgPractice1Test -->
    </test> <!-- Default test -->
  </suite> <!-- Default suite -->
</testng-results>
